<?xml version="1.0" encoding="UTF-8"?>
<testng-results ignored="0" total="2" passed="2" failed="0" skipped="0">
  <reporter-output>
  </reporter-output>
  <suite started-at="2020-03-01T00:59:14 GMT" name="Surefire suite" finished-at="2020-03-01T00:59:14 GMT" duration-ms="42">
    <groups>
    </groups>
    <test started-at="2020-03-01T00:59:14 GMT" name="Surefire test" finished-at="2020-03-01T00:59:14 GMT" duration-ms="42">
      <class name="com.mycompany.app.AppiumTest">
        <test-method signature="HybridAutomation()[pri:0, instance:com.mycompany.app.AppiumTest@6e2c9341]" started-at="2020-03-01T00:59:14 GMT" name="HybridAutomation" finished-at="2020-03-01T00:59:14 GMT" duration-ms="5" status="PASS">
          <reporter-output>
          </reporter-output>
        </test-method> <!-- HybridAutomation -->
        <test-method signature="NativeAutomation()[pri:0, instance:com.mycompany.app.AppiumTest@6e2c9341]" started-at="2020-03-01T00:59:14 GMT" name="NativeAutomation" finished-at="2020-03-01T00:59:14 GMT" duration-ms="0" status="PASS">
          <reporter-output>
          </reporter-output>
        </test-method> <!-- NativeAutomation -->
      </class> <!-- com.mycompany.app.AppiumTest -->
    </test> <!-- Surefire test -->
  </suite> <!-- Surefire suite -->
</testng-results>
