<?xml version="1.0" encoding="UTF-8"?>
<!-- Generated by org.testng.reporters.JUnitXMLReporter -->
<testsuite ignored="0" hostname="NavratanJangid" failures="0" tests="4" name="Test" time="0.106" errors="0" timestamp="2020-03-01T00:55:45 GMT">
  <testcase classname="com.mycompany.app.AppiumTest" name="HybridAutomation" time="0.015"/>
  <testcase classname="com.mycompany.app.AppiumTest" name="NativeAutomation" time="0.001"/>
  <testcase classname="com.mycompany.app.SeleniumTest" name="BrowserAutomation" time="0.001"/>
  <testcase classname="com.mycompany.app.SeleniumTest" name="ElementsAutomation" time="0.001"/>
</testsuite> <!-- Test -->
